Started GET "/" for ::1 at 2024-05-03 21:56:24 +0800
  [1m[35m (1.0ms)[0m  [1m[35mCREATE TABLE "schema_migrations" ("version" varchar NOT NULL PRIMARY KEY)[0m
  [1m[35m (0.1ms)[0m  [1m[35mCREATE TABLE "ar_internal_metadata" ("key" varchar NOT NULL PRIMARY KEY, "value" varchar, "created_at" datetime(6) NOT NULL, "updated_at" datetime(6) NOT NULL)[0m
  [1m[36mActiveRecord::SchemaMigration Load (0.1ms)[0m  [1m[34mSELECT "schema_migrations"."version" FROM "schema_migrations" ORDER BY "schema_migrations"."version" ASC[0m
Processing by Rails::WelcomeController#index as HTML
  Rendering C:/Ruby33-x64/lib/ruby/gems/3.3.0/gems/railties-7.1.3.2/lib/rails/templates/rails/welcome/index.html.erb
  Rendered C:/Ruby33-x64/lib/ruby/gems/3.3.0/gems/railties-7.1.3.2/lib/rails/templates/rails/welcome/index.html.erb (Duration: 0.8ms | Allocations: 365)
Completed 200 OK in 133ms (Views: 29.1ms | ActiveRecord: 0.0ms | Allocations: 8687)


Started GET "/home" for ::1 at 2024-05-03 21:56:39 +0800
  
ActionController::RoutingError (No route matches [GET] "/home"):
  
Started GET "/home/index" for ::1 at 2024-05-03 21:56:42 +0800
Processing by HomeController#index as HTML
  Rendering layout layouts/application.html.erb
  Rendering home/index.html.erb within layouts/application
  Rendered home/index.html.erb within layouts/application (Duration: 0.6ms | Allocations: 92)
  Rendered layout layouts/application.html.erb (Duration: 367.3ms | Allocations: 83184)
Completed 500 Internal Server Error in 373ms (ActiveRecord: 0.0ms | Allocations: 84097)


  
ActionView::Template::Error (Permission denied @ rb_file_s_rename - (C:/Users/Joel/OneDrive/Documents/Ruby/railwebsite/tmp/cache/assets/sprockets/v4.0.0/Sm/SmPlHl8bzdWw_2UrHyu0dnBfVc4F8D_rW-_Y_atYeeg.cache.22100.18344.286174, C:/Users/Joel/OneDrive/Documents/Ruby/railwebsite/tmp/cache/assets/sprockets/v4.0.0/Sm/SmPlHl8bzdWw_2UrHyu0dnBfVc4F8D_rW-_Y_atYeeg.cache)):
  
sprockets (4.2.1) lib/sprockets/path_utils.rb:362:in `rename'
sprockets (4.2.1) lib/sprockets/path_utils.rb:362:in `atomic_write'
sprockets (4.2.1) lib/sprockets/cache/file_store.rb:112:in `set'
sprockets (4.2.1) lib/sprockets/cache.rb:227:in `set'
sprockets (4.2.1) lib/sprockets/cache.rb:143:in `set'
sprockets (4.2.1) lib/sprockets/loader.rb:343:in `fetch_asset_from_dependency_cache'
sprockets (4.2.1) lib/sprockets/loader.rb:43:in `load'
sprockets (4.2.1) lib/sprockets/cached_environment.rb:44:in `block in load'
concurrent-ruby (1.2.3) lib/concurrent-ruby/concurrent/map.rb:207:in `block in fetch_or_store'
concurrent-ruby (1.2.3) lib/concurrent-ruby/concurrent/map.rb:187:in `fetch'
concurrent-ruby (1.2.3) lib/concurrent-ruby/concurrent/map.rb:206:in `fetch_or_store'
sprockets (4.2.1) lib/sprockets/cached_environment.rb:44:in `load'
sprockets (4.2.1) lib/sprockets/context.rb:117:in `load'
sprockets (4.2.1) lib/sprockets/context.rb:145:in `depend_on_asset'
sprockets (4.2.1) lib/sprockets/context.rb:185:in `link_asset'
sprockets-rails (3.4.2) lib/sprockets/rails/context.rb:27:in `compute_asset_path'
actionview (7.1.3.2) lib/action_view/helpers/asset_url_helper.rb:204:in `asset_path'
sprockets-rails (3.4.2) lib/sprockets/rails/sourcemapping_url_processor.rb:41:in `sourcemap_asset_path'
sprockets-rails (3.4.2) lib/sprockets/rails/sourcemapping_url_processor.rb:34:in `resolved_sourcemap_comment'
sprockets-rails (3.4.2) lib/sprockets/rails/sourcemapping_url_processor.rb:15:in `block in call'
sprockets-rails (3.4.2) lib/sprockets/rails/sourcemapping_url_processor.rb:11:in `gsub'
sprockets-rails (3.4.2) lib/sprockets/rails/sourcemapping_url_processor.rb:11:in `call'
sprockets (4.2.1) lib/sprockets/processor_utils.rb:84:in `call_processor'
sprockets (4.2.1) lib/sprockets/processor_utils.rb:66:in `block in call_processors'
sprockets (4.2.1) lib/sprockets/processor_utils.rb:65:in `reverse_each'
sprockets (4.2.1) lib/sprockets/processor_utils.rb:65:in `call_processors'
sprockets (4.2.1) lib/sprockets/loader.rb:184:in `load_from_unloaded'
sprockets (4.2.1) lib/sprockets/loader.rb:59:in `block in load'
sprockets (4.2.1) lib/sprockets/loader.rb:339:in `fetch_asset_from_dependency_cache'
sprockets (4.2.1) lib/sprockets/loader.rb:43:in `load'
sprockets (4.2.1) lib/sprockets/cached_environment.rb:44:in `block in load'
concurrent-ruby (1.2.3) lib/concurrent-ruby/concurrent/map.rb:207:in `block in fetch_or_store'
concurrent-ruby (1.2.3) lib/concurrent-ruby/concurrent/map.rb:187:in `fetch'
concurrent-ruby (1.2.3) lib/concurrent-ruby/concurrent/map.rb:206:in `fetch_or_store'
sprockets (4.2.1) lib/sprockets/cached_environment.rb:44:in `load'
sprockets (4.2.1) lib/sprockets/bundle.rb:27:in `call'
sprockets (4.2.1) lib/sprockets/processor_utils.rb:84:in `call_processor'
sprockets (4.2.1) lib/sprockets/processor_utils.rb:66:in `block in call_processors'
sprockets (4.2.1) lib/sprockets/processor_utils.rb:65:in `reverse_each'
sprockets (4.2.1) lib/sprockets/processor_utils.rb:65:in `call_processors'
sprockets (4.2.1) lib/sprockets/loader.rb:184:in `load_from_unloaded'
sprockets (4.2.1) lib/sprockets/loader.rb:59:in `block in load'
sprockets (4.2.1) lib/sprockets/loader.rb:339:in `fetch_asset_from_dependency_cache'
sprockets (4.2.1) lib/sprockets/loader.rb:43:in `load'
sprockets (4.2.1) lib/sprockets/cached_environment.rb:44:in `block in load'
concurrent-ruby (1.2.3) lib/concurrent-ruby/concurrent/map.rb:207:in `block in fetch_or_store'
concurrent-ruby (1.2.3) lib/concurrent-ruby/concurrent/map.rb:187:in `fetch'
concurrent-ruby (1.2.3) lib/concurrent-ruby/concurrent/map.rb:206:in `fetch_or_store'
sprockets (4.2.1) lib/sprockets/cached_environment.rb:44:in `load'
sprockets (4.2.1) lib/sprockets/base.rb:81:in `find_asset'
sprockets (4.2.1) lib/sprockets/base.rb:88:in `find_all_linked_assets'
sprockets (4.2.1) lib/sprockets/manifest.rb:125:in `each'
sprockets (4.2.1) lib/sprockets/manifest.rb:125:in `to_a'
sprockets (4.2.1) lib/sprockets/manifest.rb:125:in `block (2 levels) in find'
concurrent-ruby (1.2.3) lib/concurrent-ruby/concurrent/executor/safe_task_executor.rb:24:in `block in execute'
concurrent-ruby (1.2.3) lib/concurrent-ruby/concurrent/synchronization/mutex_lockable_object.rb:48:in `block in synchronize'
concurrent-ruby (1.2.3) lib/concurrent-ruby/concurrent/synchronization/mutex_lockable_object.rb:48:in `synchronize'
concurrent-ruby (1.2.3) lib/concurrent-ruby/concurrent/synchronization/mutex_lockable_object.rb:48:in `synchronize'
concurrent-ruby (1.2.3) lib/concurrent-ruby/concurrent/executor/safe_task_executor.rb:22:in `execute'
concurrent-ruby (1.2.3) lib/concurrent-ruby/concurrent/promise.rb:564:in `block in realize'
concurrent-ruby (1.2.3) lib/concurrent-ruby/concurrent/executor/ruby_thread_pool_executor.rb:359:in `run_task'
concurrent-ruby (1.2.3) lib/concurrent-ruby/concurrent/executor/ruby_thread_pool_executor.rb:350:in `block (3 levels) in create_worker'
<internal:kernel>:187:in `loop'
concurrent-ruby (1.2.3) lib/concurrent-ruby/concurrent/executor/ruby_thread_pool_executor.rb:341:in `block (2 levels) in create_worker'
concurrent-ruby (1.2.3) lib/concurrent-ruby/concurrent/executor/ruby_thread_pool_executor.rb:340:in `catch'
concurrent-ruby (1.2.3) lib/concurrent-ruby/concurrent/executor/ruby_thread_pool_executor.rb:340:in `block in create_worker'
Started GET "/home/index" for ::1 at 2024-05-03 22:01:08 +0800
Processing by HomeController#index as HTML
  Rendering layout layouts/application.html.erb
  Rendering home/index.html.erb within layouts/application
  Rendered home/index.html.erb within layouts/application (Duration: 0.6ms | Allocations: 91)
  Rendered layout layouts/application.html.erb (Duration: 57.1ms | Allocations: 34933)
Completed 200 OK in 67ms (Views: 61.7ms | ActiveRecord: 0.0ms | Allocations: 35853)


Started GET "/" for ::1 at 2024-05-03 22:02:24 +0800
Processing by HomeController#index as HTML
  Rendering layout layouts/application.html.erb
  Rendering home/index.html.erb within layouts/application
  Rendered home/index.html.erb within layouts/application (Duration: 0.4ms | Allocations: 92)
  Rendered layout layouts/application.html.erb (Duration: 54.7ms | Allocations: 18240)
Completed 200 OK in 60ms (Views: 57.9ms | ActiveRecord: 0.0ms | Allocations: 19157)


Started GET "/home/about" for ::1 at 2024-05-03 22:09:36 +0800
Processing by HomeController#about as HTML
  Rendering layout layouts/application.html.erb
  Rendering home/about.html.erb within layouts/application
  Rendered home/about.html.erb within layouts/application (Duration: 0.6ms | Allocations: 94)
  Rendered layout layouts/application.html.erb (Duration: 15.1ms | Allocations: 15432)
Completed 200 OK in 25ms (Views: 18.8ms | ActiveRecord: 0.0ms | Allocations: 16348)


Started GET "/home/about" for ::1 at 2024-05-03 22:14:18 +0800
Processing by HomeController#about as HTML
  Rendering layout layouts/application.html.erb
  Rendering home/about.html.erb within layouts/application
  Rendered home/about.html.erb within layouts/application (Duration: 0.5ms | Allocations: 94)
  Rendered layout layouts/application.html.erb (Duration: 14.0ms | Allocations: 15429)
Completed 200 OK in 20ms (Views: 17.9ms | ActiveRecord: 0.0ms | Allocations: 16345)


Started GET "/home/about" for ::1 at 2024-05-03 22:15:01 +0800
Processing by HomeController#about as HTML
  Rendering layout layouts/application.html.erb
  Rendering home/about.html.erb within layouts/application
  Rendered home/about.html.erb within layouts/application (Duration: 0.5ms | Allocations: 91)
  Rendered layout layouts/application.html.erb (Duration: 14.2ms | Allocations: 15415)
Completed 200 OK in 21ms (Views: 18.7ms | ActiveRecord: 0.0ms | Allocations: 16331)


Started GET "/home/about" for ::1 at 2024-05-03 22:18:29 +0800
Processing by HomeController#about as HTML
  Rendering layout layouts/application.html.erb
  Rendering home/about.html.erb within layouts/application
  Rendered home/about.html.erb within layouts/application (Duration: 0.4ms | Allocations: 93)
  Rendered home/_header.html.erb (Duration: 0.4ms | Allocations: 89)
  Rendered layout layouts/application.html.erb (Duration: 19.0ms | Allocations: 15659)
Completed 200 OK in 25ms (Views: 23.3ms | ActiveRecord: 0.0ms | Allocations: 16575)


Started GET "/home/about" for ::1 at 2024-05-03 22:20:49 +0800
Processing by HomeController#about as HTML
  Rendering layout layouts/application.html.erb
  Rendering home/about.html.erb within layouts/application
  Rendered home/about.html.erb within layouts/application (Duration: 0.6ms | Allocations: 93)
  Rendered home/_header.html.erb (Duration: 0.5ms | Allocations: 123)
  Rendered layout layouts/application.html.erb (Duration: 17.6ms | Allocations: 15706)
Completed 200 OK in 23ms (Views: 21.2ms | ActiveRecord: 0.0ms | Allocations: 16622)


Started GET "/home/about" for ::1 at 2024-05-03 22:21:14 +0800
Processing by HomeController#about as HTML
  Rendering layout layouts/application.html.erb
  Rendering home/about.html.erb within layouts/application
  Rendered home/about.html.erb within layouts/application (Duration: 0.6ms | Allocations: 91)
  Rendered home/_header.html.erb (Duration: 0.7ms | Allocations: 123)
  Rendered layout layouts/application.html.erb (Duration: 21.7ms | Allocations: 15696)
Completed 200 OK in 30ms (Views: 25.5ms | ActiveRecord: 0.0ms | Allocations: 16612)


Started GET "/home/about" for ::1 at 2024-05-03 22:22:46 +0800
Processing by HomeController#about as HTML
  Rendering layout layouts/application.html.erb
  Rendering home/about.html.erb within layouts/application
  Rendered home/about.html.erb within layouts/application (Duration: 0.6ms | Allocations: 93)
  Rendered home/_header.html.erb (Duration: 0.9ms | Allocations: 120)
  Rendered layout layouts/application.html.erb (Duration: 24.1ms | Allocations: 15696)
Completed 200 OK in 30ms (Views: 27.6ms | ActiveRecord: 0.0ms | Allocations: 16612)


Started GET "/home/about" for ::1 at 2024-05-03 22:23:06 +0800
Processing by HomeController#about as HTML
  Rendering layout layouts/application.html.erb
  Rendering home/about.html.erb within layouts/application
  Rendered home/about.html.erb within layouts/application (Duration: 0.5ms | Allocations: 93)
  Rendered home/_header.html.erb (Duration: 0.6ms | Allocations: 109)
  Rendered layout layouts/application.html.erb (Duration: 21.8ms | Allocations: 15688)
Completed 200 OK in 27ms (Views: 25.1ms | ActiveRecord: 0.0ms | Allocations: 16604)


Started GET "/home/about" for ::1 at 2024-05-03 22:23:22 +0800
Processing by HomeController#about as HTML
  Rendering layout layouts/application.html.erb
  Rendering home/about.html.erb within layouts/application
  Rendered home/about.html.erb within layouts/application (Duration: 0.5ms | Allocations: 93)
  Rendered home/_header.html.erb (Duration: 0.5ms | Allocations: 106)
  Rendered layout layouts/application.html.erb (Duration: 20.7ms | Allocations: 15683)
Completed 200 OK in 26ms (Views: 24.1ms | ActiveRecord: 0.0ms | Allocations: 16599)


Started GET "/home/about" for ::1 at 2024-05-03 22:25:28 +0800
Processing by HomeController#about as HTML
  Rendering layout layouts/application.html.erb
  Rendering home/about.html.erb within layouts/application
  Rendered home/about.html.erb within layouts/application (Duration: 0.6ms | Allocations: 92)
  Rendered home/_header.html.erb (Duration: 1.0ms | Allocations: 220)
  Rendered layout layouts/application.html.erb (Duration: 24.0ms | Allocations: 15793)
Completed 200 OK in 30ms (Views: 28.1ms | ActiveRecord: 0.0ms | Allocations: 16709)


Started GET "/" for ::1 at 2024-05-03 22:25:29 +0800
Processing by HomeController#index as HTML
  Rendering layout layouts/application.html.erb
  Rendering home/index.html.erb within layouts/application
  Rendered home/index.html.erb within layouts/application (Duration: 0.6ms | Allocations: 85)
  Rendered home/_header.html.erb (Duration: 0.1ms | Allocations: 40)
  Rendered layout layouts/application.html.erb (Duration: 3.9ms | Allocations: 1493)
Completed 200 OK in 11ms (Views: 5.1ms | ActiveRecord: 0.0ms | Allocations: 1819)


Started GET "/" for ::1 at 2024-05-03 22:27:35 +0800
Processing by HomeController#index as HTML
  Rendering layout layouts/application.html.erb
  Rendering home/index.html.erb within layouts/application
  Rendered home/index.html.erb within layouts/application (Duration: 0.6ms | Allocations: 93)
  Rendered home/_header.html.erb (Duration: 0.8ms | Allocations: 234)
  Rendered layout layouts/application.html.erb (Duration: 26.2ms | Allocations: 15801)
Completed 200 OK in 31ms (Views: 29.4ms | ActiveRecord: 0.0ms | Allocations: 16716)


Started GET "/home/about" for ::1 at 2024-05-03 22:27:36 +0800
Processing by HomeController#about as HTML
  Rendering layout layouts/application.html.erb
  Rendering home/about.html.erb within layouts/application
  Rendered home/about.html.erb within layouts/application (Duration: 0.5ms | Allocations: 84)
  Rendered home/_header.html.erb (Duration: 0.1ms | Allocations: 60)
  Rendered layout layouts/application.html.erb (Duration: 4.0ms | Allocations: 1512)
Completed 200 OK in 7ms (Views: 5.3ms | ActiveRecord: 0.0ms | Allocations: 1839)


Started GET "/" for ::1 at 2024-05-03 22:27:37 +0800
Processing by HomeController#index as HTML
  Rendering layout layouts/application.html.erb
  Rendering home/index.html.erb within layouts/application
  Rendered home/index.html.erb within layouts/application (Duration: 0.0ms | Allocations: 7)
  Rendered home/_header.html.erb (Duration: 0.1ms | Allocations: 60)
  Rendered layout layouts/application.html.erb (Duration: 4.6ms | Allocations: 1427)
Completed 200 OK in 7ms (Views: 5.4ms | ActiveRecord: 0.0ms | Allocations: 1690)


